0 info it worked if it ends with ok
1 verbose cli [ '/usr/bin/nodejs', '/usr/bin/npm', 'install', '-', 'nodemon' ]
2 info using npm@1.3.10
3 info using node@v0.10.25
4 verbose readDependencies using package.json deps
5 verbose cache add [ '-', null ]
6 verbose cache add name=undefined spec="-" args=["-",null]
7 verbose parsed url { protocol: null,
7 verbose parsed url   slashes: null,
7 verbose parsed url   auth: null,
7 verbose parsed url   host: null,
7 verbose parsed url   port: null,
7 verbose parsed url   hostname: null,
7 verbose parsed url   hash: null,
7 verbose parsed url   search: null,
7 verbose parsed url   query: null,
7 verbose parsed url   pathname: '-',
7 verbose parsed url   path: '-',
7 verbose parsed url   href: '-' }
8 verbose cache add [ 'nodemon', null ]
9 verbose cache add name=undefined spec="nodemon" args=["nodemon",null]
10 verbose parsed url { protocol: null,
10 verbose parsed url   slashes: null,
10 verbose parsed url   auth: null,
10 verbose parsed url   host: null,
10 verbose parsed url   port: null,
10 verbose parsed url   hostname: null,
10 verbose parsed url   hash: null,
10 verbose parsed url   search: null,
10 verbose parsed url   query: null,
10 verbose parsed url   pathname: 'nodemon',
10 verbose parsed url   path: 'nodemon',
10 verbose parsed url   href: 'nodemon' }
11 silly lockFile 3bc15c8a- -
12 verbose lock - /root/.npm/3bc15c8a-.lock
13 silly lockFile 1625b929-nodemon nodemon
14 verbose lock nodemon /root/.npm/1625b929-nodemon.lock
15 silly lockFile 3bc15c8a- -
16 silly lockFile 3bc15c8a- -
17 silly lockFile 1625b929-nodemon nodemon
18 silly lockFile 1625b929-nodemon nodemon
19 verbose addNamed [ '-', '' ]
20 verbose addNamed [ null, '*' ]
21 silly lockFile c75fe0d4- -@
22 verbose lock -@ /root/.npm/c75fe0d4-.lock
23 verbose addNamed [ 'nodemon', '' ]
24 verbose addNamed [ null, '*' ]
25 silly lockFile 4f5e51c6-nodemon nodemon@
26 verbose lock nodemon@ /root/.npm/4f5e51c6-nodemon.lock
27 silly addNameRange { name: '-', range: '*', hasData: false }
28 silly addNameRange { name: 'nodemon', range: '*', hasData: false }
29 verbose url raw -
30 verbose url resolving [ 'https://registry.npmjs.org/', './-' ]
31 verbose url resolved https://registry.npmjs.org/-
32 info trying registry request attempt 1 at 21:37:27
33 http GET https://registry.npmjs.org/-
34 verbose url raw nodemon
35 verbose url resolving [ 'https://registry.npmjs.org/', './nodemon' ]
36 verbose url resolved https://registry.npmjs.org/nodemon
37 info trying registry request attempt 1 at 21:37:28
38 verbose etag "CHL3WPDQ3E91MVY2N2ZRK6WA0"
39 http GET https://registry.npmjs.org/nodemon
40 http 404 https://registry.npmjs.org/-
41 silly registry.get cb [ 404,
41 silly registry.get   { 'content-type': 'application/json',
41 silly registry.get     'cache-control': 'max-age=0',
41 silly registry.get     'content-length': '57',
41 silly registry.get     'accept-ranges': 'bytes',
41 silly registry.get     date: 'Mon, 14 Sep 2015 03:37:28 GMT',
41 silly registry.get     via: '1.1 varnish',
41 silly registry.get     age: '0',
41 silly registry.get     connection: 'keep-alive',
41 silly registry.get     'x-served-by': 'cache-atl6235-ATL',
41 silly registry.get     'x-cache': 'MISS',
41 silly registry.get     'x-cache-hits': '0',
41 silly registry.get     'x-timer': 'S1442201848.279357,VS0,VE17' } ]
42 silly addNameRange number 2 { name: '-', range: '*', hasData: true }
43 silly addNameRange versions [ undefined, [] ]
44 error TypeError: Cannot read property 'latest' of undefined
44 error     at next (/usr/share/npm/lib/cache.js:687:35)
44 error     at /usr/share/npm/lib/cache.js:675:5
44 error     at saved (/usr/share/npm/node_modules/npm-registry-client/lib/get.js:142:7)
44 error     at /usr/lib/nodejs/graceful-fs/polyfills.js:133:7
44 error     at Object.oncomplete (fs.js:107:15)
45 error If you need help, you may report this log at:
45 error     <http://github.com/isaacs/npm/issues>
45 error or email it to:
45 error     <npm-@googlegroups.com>
46 error System Linux 3.13.0-32-generic
47 error command "/usr/bin/nodejs" "/usr/bin/npm" "install" "-" "nodemon"
48 error cwd /home/julio/Proyecto/Web
49 error node -v v0.10.25
50 error npm -v 1.3.10
51 error type non_object_property_load
52 verbose exit [ 1, true ]
